Using pre-set license
Built from '2021.3/staging' branch; Version is '2021.3.21f1 (1b156197d683) revision 1774945'; Using compiler version '192829333'; Build Type 'Release'
OS: 'Windows 11  (10.0.22621) 64bit Professional' Language: 'es' Physical Memory: 16236 MB
BatchMode: 1, IsHumanControllingUs: 0, StartBugReporterOnCrash: 0, Is64bit: 1, IsPro: 1

COMMAND LINE ARGUMENTS:
C:\Program Files\Unity\Hub\Editor\2021.3.21f1\Editor\Unity.exe
-adb2
-batchMode
-noUpm
-name
AssetImportWorker0
-projectPath
C:/Users/Usuario/Desktop/zoren_UnityProyects/proyecto-vuforia/ARFundation-libro
-logFile
Logs/AssetImportWorker0.log
-srvPort
54600
Successfully changed project path to: C:/Users/Usuario/Desktop/zoren_UnityProyects/proyecto-vuforia/ARFundation-libro
C:/Users/Usuario/Desktop/zoren_UnityProyects/proyecto-vuforia/ARFundation-libro
[UnityMemory] Configuration Parameters - Can be set up in boot.config
    "memorysetup-bucket-allocator-granularity=16"
    "memorysetup-bucket-allocator-bucket-count=8"
    "memorysetup-bucket-allocator-block-size=33554432"
    "memorysetup-bucket-allocator-block-count=8"
    "memorysetup-main-allocator-block-size=16777216"
    "memorysetup-thread-allocator-block-size=16777216"
    "memorysetup-gfx-main-allocator-block-size=16777216"
    "memorysetup-gfx-thread-allocator-block-size=16777216"
    "memorysetup-cache-allocator-block-size=4194304"
    "memorysetup-typetree-allocator-block-size=2097152"
    "memorysetup-profiler-bucket-allocator-granularity=16"
    "memorysetup-profiler-bucket-allocator-bucket-count=8"
    "memorysetup-profiler-bucket-allocator-block-size=33554432"
    "memorysetup-profiler-bucket-allocator-block-count=8"
    "memorysetup-profiler-allocator-block-size=16777216"
    "memorysetup-profiler-editor-allocator-block-size=1048576"
    "memorysetup-temp-allocator-size-main=16777216"
    "memorysetup-job-temp-allocator-block-size=2097152"
    "memorysetup-job-temp-allocator-block-size-background=1048576"
    "memorysetup-job-temp-allocator-reduction-small-platforms=262144"
    "memorysetup-temp-allocator-size-background-worker=32768"
    "memorysetup-temp-allocator-size-job-worker=262144"
    "memorysetup-temp-allocator-size-preload-manager=33554432"
    "memorysetup-temp-allocator-size-nav-mesh-worker=65536"
    "memorysetup-temp-allocator-size-audio-worker=65536"
    "memorysetup-temp-allocator-size-cloud-worker=32768"
    "memorysetup-temp-allocator-size-gi-baking-worker=262144"
    "memorysetup-temp-allocator-size-gfx=262144"
Player connection [11700] Host "[IP] 172.17.17.57 [Port] 0 [Flags] 2 [Guid] 3314175354 [EditorId] 3314175354 [Version] 1048832 [Id] WindowsEditor(7,DESKTOP-90KC947) [Debug] 1 [PackageName] WindowsEditor [ProjectName] Editor" joined multi-casting on [225.0.0.222:54997]...

Player connection [11700] Host "[IP] 172.17.17.57 [Port] 0 [Flags] 2 [Guid] 3314175354 [EditorId] 3314175354 [Version] 1048832 [Id] WindowsEditor(7,DESKTOP-90KC947) [Debug] 1 [PackageName] WindowsEditor [ProjectName] Editor" joined alternative multi-casting on [225.0.0.222:34997]...

Refreshing native plugins compatible for Editor in 82.02 ms, found 3 plugins.
Preloading 0 native plugins for Editor in 0.00 ms.
Initialize engine version: 2021.3.21f1 (1b156197d683)
[Subsystems] Discovering subsystems at path C:/Program Files/Unity/Hub/Editor/2021.3.21f1/Editor/Data/Resources/UnitySubsystems
[Subsystems] Discovering subsystems at path C:/Users/Usuario/Desktop/zoren_UnityProyects/proyecto-vuforia/ARFundation-libro/Assets
GfxDevice: creating device client; threaded=0; jobified=0
Direct3D:
    Version:  Direct3D 11.0 [level 11.1]
    Renderer: NVIDIA GeForce RTX 3060 Ti (ID=0x2489)
    Vendor:   NVIDIA
    VRAM:     8038 MB
    Driver:   31.0.15.3742
Initialize mono
Mono path[0] = 'C:/Program Files/Unity/Hub/Editor/2021.3.21f1/Editor/Data/Managed'
Mono path[1] = 'C:/Program Files/Unity/Hub/Editor/2021.3.21f1/Editor/Data/MonoBleedingEdge/lib/mono/unityjit-win32'
Mono config path = 'C:/Program Files/Unity/Hub/Editor/2021.3.21f1/Editor/Data/MonoBleedingEdge/etc'
Using monoOptions --debugger-agent=transport=dt_socket,embedding=1,server=y,suspend=n,address=127.0.0.1:56340
Begin MonoManager ReloadAssembly
Registering precompiled unity dll's ...
Register platform support module: C:/Program Files/Unity/Hub/Editor/2021.3.21f1/Editor/Data/PlaybackEngines/AndroidPlayer/UnityEditor.Android.Extensions.dll
Register platform support module: C:/Program Files/Unity/Hub/Editor/2021.3.21f1/Editor/Data/PlaybackEngines/WindowsStandaloneSupport/UnityEditor.WindowsStandalone.Extensions.dll
Registered in 0.005539 seconds.
Native extension for WindowsStandalone target not found
Native extension for Android target not found
Android Extension - Scanning For ADB Devices 181 ms
Refreshing native plugins compatible for Editor in 82.91 ms, found 3 plugins.
Preloading 0 native plugins for Editor in 0.00 ms.
Mono: successfully reloaded assembly
- Completed reload, in  0.820 seconds
Domain Reload Profiling:
	ReloadAssembly (821ms)
		BeginReloadAssembly (80ms)
			ExecutionOrderSort (0ms)
			DisableScriptedObjects (0ms)
			BackupInstance (0ms)
			ReleaseScriptingObjects (0ms)
			CreateAndSetChildDomain (1ms)
		EndReloadAssembly (644ms)
			LoadAssemblies (78ms)
			RebuildTransferFunctionScriptingTraits (0ms)
			SetupTypeCache (108ms)
			ReleaseScriptCaches (0ms)
			RebuildScriptCaches (27ms)
			SetupLoadedEditorAssemblies (461ms)
				LogAssemblyErrors (0ms)
				InitializePlatformSupportModulesInManaged (241ms)
				SetLoadedEditorAssemblies (0ms)
				RefreshPlugins (83ms)
				BeforeProcessingInitializeOnLoad (1ms)
				ProcessInitializeOnLoadAttributes (93ms)
				ProcessInitializeOnLoadMethodAttributes (43ms)
				AfterProcessingInitializeOnLoad (0ms)
				EditorAssembliesLoaded (0ms)
			ExecutionOrderSort2 (0ms)
			AwakeInstancesAfterBackupRestoration (0ms)
Platform modules already initialized, skipping
Registering precompiled user dll's ...
Registered in 0.004279 seconds.
Begin MonoManager ReloadAssembly
Symbol file LoadedFromMemory doesn't match image C:\Users\Usuario\Desktop\zoren_UnityProyects\proyecto-vuforia\ARFundation-libro\Library\PackageCache\com.unity.visualscripting@1.8.0\Editor\VisualScripting.Core\Dependencies\YamlDotNet\Unity.VisualScripting.YamlDotNet.dll
Symbol file LoadedFromMemory doesn't match image C:\Users\Usuario\Desktop\zoren_UnityProyects\proyecto-vuforia\ARFundation-libro\Library\PackageCache\com.unity.visualscripting@1.8.0\Editor\VisualScripting.Core\Dependencies\DotNetZip\Unity.VisualScripting.IonicZip.dll
Native extension for WindowsStandalone target not found
Native extension for Android target not found
Refreshing native plugins compatible for Editor in 0.53 ms, found 3 plugins.
Preloading 0 native plugins for Editor in 0.00 ms.
Package Manager log level set to [2]
Mono: successfully reloaded assembly
- Completed reload, in  1.058 seconds
Domain Reload Profiling:
	ReloadAssembly (1059ms)
		BeginReloadAssembly (114ms)
			ExecutionOrderSort (0ms)
			DisableScriptedObjects (5ms)
			BackupInstance (0ms)
			ReleaseScriptingObjects (0ms)
			CreateAndSetChildDomain (19ms)
		EndReloadAssembly (839ms)
			LoadAssemblies (89ms)
			RebuildTransferFunctionScriptingTraits (0ms)
			SetupTypeCache (320ms)
			ReleaseScriptCaches (1ms)
			RebuildScriptCaches (55ms)
			SetupLoadedEditorAssemblies (336ms)
				LogAssemblyErrors (0ms)
				InitializePlatformSupportModulesInManaged (16ms)
				SetLoadedEditorAssemblies (0ms)
				RefreshPlugins (1ms)
				BeforeProcessingInitializeOnLoad (92ms)
				ProcessInitializeOnLoadAttributes (198ms)
				ProcessInitializeOnLoadMethodAttributes (23ms)
				AfterProcessingInitializeOnLoad (6ms)
				EditorAssembliesLoaded (0ms)
			ExecutionOrderSort2 (0ms)
			AwakeInstancesAfterBackupRestoration (5ms)
Platform modules already initialized, skipping
========================================================================
Worker process is ready to serve import requests
Launched and connected shader compiler UnityShaderCompiler.exe after 0.03 seconds
Refreshing native plugins compatible for Editor in 0.69 ms, found 3 plugins.
Preloading 0 native plugins for Editor in 0.00 ms.
Unloading 3412 Unused Serialized files (Serialized files now loaded: 0)
Unloading 26 unused Assets / (131.2 KB). Loaded Objects now: 3874.
Memory consumption went from 119.4 MB to 119.3 MB.
Total: 3.220000 ms (FindLiveObjects: 0.381700 ms CreateObjectMapping: 0.282300 ms MarkObjects: 2.443400 ms  DeleteObjects: 0.111800 ms)

AssetImportParameters requested are different than current active one (requested -> active):
  custom:video-decoder-ogg-theora: a1e56fd34408186e4bbccfd4996cb3dc -> 
  custom:container-muxer-webm: aa71ff27fc2769a1b78a27578f13a17b -> 
  custom:container-demuxer-webm: 4f35f7cbe854078d1ac9338744f61a02 -> 
  custom:video-encoder-webm-vp8: eb34c28f22e8b96e1ab97ce403110664 -> 
  custom:video-codec-MediaFoundation-h265: 746d11721c4dcdbdad8f713fa42b33f4 -> 
  custom:audio-encoder-webm-vorbis: bf7c407c2cedff20999df2af8eb42d56 -> 
  custom:framework-win-MediaFoundation: 216162199b28c13a410421893ffa2e32 -> 
  custom:container-demuxer-ogg: 62fdf1f143b41e24485cea50d1cbac27 -> 
  custom:video-decoder-webm-vp8: 9c59270c3fd7afecdb556c50c9e8de78 -> 
  custom:audio-decoder-ogg-vorbis: bf7c407c2cedff20999df2af8eb42d56 -> 
========================================================================
Received Import Request.
  Time since last request: 5115.927246 seconds.
  path: Assets/Sonidos
  artifactKey: Guid(c74c8b03dc682944dab0bbec42a5cb3a) Importer(815301076,1909f56bfc062723c751e8b465ee728b)
Start importing Assets/Sonidos using Guid(c74c8b03dc682944dab0bbec42a5cb3a) Importer(815301076,1909f56bfc062723c751e8b465ee728b)  -> (artifact id: '81f58e99ed6d536443a9bbd2983836bc') in 0.006344 seconds 
========================================================================
Received Import Request.
  Time since last request: 13.628213 seconds.
  path: Assets/Sonidos/CharacterFX
  artifactKey: Guid(c0c72ea482d558d4b9aef9fae08ac567) Importer(815301076,1909f56bfc062723c751e8b465ee728b)
Start importing Assets/Sonidos/CharacterFX using Guid(c0c72ea482d558d4b9aef9fae08ac567) Importer(815301076,1909f56bfc062723c751e8b465ee728b)  -> (artifact id: 'f1ec3e522f222ccd2e48d77216ebd447') in 0.001623 seconds 
========================================================================
Received Import Request.
  Time since last request: 11.073885 seconds.
  path: Assets/Sonidos/New Folder
  artifactKey: Guid(91b8859c13e31cc4faf397d10e45ebdf) Importer(815301076,1909f56bfc062723c751e8b465ee728b)
Start importing Assets/Sonidos/New Folder using Guid(91b8859c13e31cc4faf397d10e45ebdf) Importer(815301076,1909f56bfc062723c751e8b465ee728b)  -> (artifact id: '42fd40065a5894620e96f60365853c09') in 0.001462 seconds 
========================================================================
Received Import Request.
  Time since last request: 6.326822 seconds.
  path: Assets/Sonidos/UISFX
  artifactKey: Guid(91b8859c13e31cc4faf397d10e45ebdf) Importer(815301076,1909f56bfc062723c751e8b465ee728b)
Start importing Assets/Sonidos/UISFX using Guid(91b8859c13e31cc4faf397d10e45ebdf) Importer(815301076,1909f56bfc062723c751e8b465ee728b)  -> (artifact id: 'ae5c77acb895a26a7be149c12d2fd377') in 0.001456 seconds 
========================================================================
Received Import Request.
  Time since last request: 7.773569 seconds.
  path: Assets/Sonidos/CharacterSFX
  artifactKey: Guid(c0c72ea482d558d4b9aef9fae08ac567) Importer(815301076,1909f56bfc062723c751e8b465ee728b)
Start importing Assets/Sonidos/CharacterSFX using Guid(c0c72ea482d558d4b9aef9fae08ac567) Importer(815301076,1909f56bfc062723c751e8b465ee728b)  -> (artifact id: 'de0c47074c3a395cc666823ac016b5ad') in 0.001614 seconds 
========================================================================
Received Import Request.
  Time since last request: 14.172855 seconds.
  path: Assets/Scenes
  artifactKey: Guid(6ea315d0fd7389c41b19996891e99ae3) Importer(815301076,1909f56bfc062723c751e8b465ee728b)
Start importing Assets/Scenes using Guid(6ea315d0fd7389c41b19996891e99ae3) Importer(815301076,1909f56bfc062723c751e8b465ee728b)  -> (artifact id: 'b8193726cff86800c54781cdc6d54904') in 0.001479 seconds 
========================================================================
Received Import Request.
  Time since last request: 51.354981 seconds.
  path: Assets/XR/XRGeneralSettings.asset
  artifactKey: Guid(adf5ec493215ffd4d8893867c863ba0c) Importer(815301076,1909f56bfc062723c751e8b465ee728b)
Start importing Assets/XR/XRGeneralSettings.asset using Guid(adf5ec493215ffd4d8893867c863ba0c) Importer(815301076,1909f56bfc062723c751e8b465ee728b)  -> (artifact id: '6bdae896b1e67118330a92bc86ddbfcb') in 0.022853 seconds 
========================================================================
Received Import Request.
  Time since last request: 9.492084 seconds.
  path: Assets/Animations
  artifactKey: Guid(6f5af32f0963e0f41abf3efa35c8db87) Importer(815301076,1909f56bfc062723c751e8b465ee728b)
Start importing Assets/Animations using Guid(6f5af32f0963e0f41abf3efa35c8db87) Importer(815301076,1909f56bfc062723c751e8b465ee728b)  -> (artifact id: '6302db6297853b51812a47e21aed269e') in 0.001935 seconds 
========================================================================
Received Import Request.
  Time since last request: 7.443122 seconds.
  path: Assets/Animaciones
  artifactKey: Guid(6f5af32f0963e0f41abf3efa35c8db87) Importer(815301076,1909f56bfc062723c751e8b465ee728b)
Start importing Assets/Animaciones using Guid(6f5af32f0963e0f41abf3efa35c8db87) Importer(815301076,1909f56bfc062723c751e8b465ee728b)  -> (artifact id: 'cc667d567a926db26bad9474e20fedca') in 0.001754 seconds 
========================================================================
Received Import Request.
  Time since last request: 13.637470 seconds.
  path: Assets/Animaciones/Flora
  artifactKey: Guid(69ae0d05882d78946b9bd27726e4925b) Importer(815301076,1909f56bfc062723c751e8b465ee728b)
Start importing Assets/Animaciones/Flora using Guid(69ae0d05882d78946b9bd27726e4925b) Importer(815301076,1909f56bfc062723c751e8b465ee728b)  -> (artifact id: '249cad162ee29e4520b0b996dffb1713') in 0.002244 seconds 
========================================================================
Received Import Request.
  Time since last request: 5.713745 seconds.
  path: Assets/Animaciones/Fauna
  artifactKey: Guid(8d243703da6f1fc4aa57f6441ce840ed) Importer(815301076,1909f56bfc062723c751e8b465ee728b)
Start importing Assets/Animaciones/Fauna using Guid(8d243703da6f1fc4aa57f6441ce840ed) Importer(815301076,1909f56bfc062723c751e8b465ee728b)  -> (artifact id: 'faf0d11cd9c7766eb9977dd7798291ec') in 0.002136 seconds 
========================================================================
Received Import Request.
  Time since last request: 7.501330 seconds.
  path: Assets/Animaciones/Historia
  artifactKey: Guid(cbb51b30e16c4264981af5e999164603) Importer(815301076,1909f56bfc062723c751e8b465ee728b)
Start importing Assets/Animaciones/Historia using Guid(cbb51b30e16c4264981af5e999164603) Importer(815301076,1909f56bfc062723c751e8b465ee728b)  -> (artifact id: '865d109641a85f327102faeb3fa8240c') in 0.002163 seconds 
========================================================================
Received Import Request.
  Time since last request: 13.110704 seconds.
  path: Assets/Prefabs
  artifactKey: Guid(2b7feba9edf7c9149867e7102e536d5b) Importer(815301076,1909f56bfc062723c751e8b465ee728b)
Start importing Assets/Prefabs using Guid(2b7feba9edf7c9149867e7102e536d5b) Importer(815301076,1909f56bfc062723c751e8b465ee728b)  -> (artifact id: 'd19c8b9299780f31f8c5d512561cefea') in 0.002038 seconds 
========================================================================
Received Import Request.
  Time since last request: 27.617546 seconds.
  path: Assets/TESTS
  artifactKey: Guid(c6061d74c20c1bf41b5844722ce20071) Importer(815301076,1909f56bfc062723c751e8b465ee728b)
Start importing Assets/TESTS using Guid(c6061d74c20c1bf41b5844722ce20071) Importer(815301076,1909f56bfc062723c751e8b465ee728b)  -> (artifact id: '757eb5684e8e71469de8b96207cc5dbe') in 0.001968 seconds 
========================================================================
Received Import Request.
  Time since last request: 15.475310 seconds.
  path: Assets/TESTS/Script
  artifactKey: Guid(8acdccd71d107e345846e2d2ecec54d5) Importer(815301076,1909f56bfc062723c751e8b465ee728b)
Start importing Assets/TESTS/Script using Guid(8acdccd71d107e345846e2d2ecec54d5) Importer(815301076,1909f56bfc062723c751e8b465ee728b)  -> (artifact id: '4ab0fdb8775abe59768e062d56ccb02d') in 0.001621 seconds 
========================================================================
Received Import Request.
  Time since last request: 5.611194 seconds.
  path: Assets/TESTS/ScriptTest
  artifactKey: Guid(8acdccd71d107e345846e2d2ecec54d5) Importer(815301076,1909f56bfc062723c751e8b465ee728b)
Start importing Assets/TESTS/ScriptTest using Guid(8acdccd71d107e345846e2d2ecec54d5) Importer(815301076,1909f56bfc062723c751e8b465ee728b)  -> (artifact id: '763e3e9a2a09b86c2966d537917e3070') in 0.001504 seconds 
========================================================================
Received Import Request.
  Time since last request: 11.382100 seconds.
  path: Assets/TESTS/LevelTesting
  artifactKey: Guid(d2f68d411c11345428c979abaecfb1f9) Importer(815301076,1909f56bfc062723c751e8b465ee728b)
Start importing Assets/TESTS/LevelTesting using Guid(d2f68d411c11345428c979abaecfb1f9) Importer(815301076,1909f56bfc062723c751e8b465ee728b)  -> (artifact id: 'd696599569a8edc7b80c9663e3d42916') in 0.002152 seconds 
========================================================================
Received Import Request.
  Time since last request: 86.167142 seconds.
  path: Assets/Scripts/ObjectManipulator.cs
  artifactKey: Guid(59d9f758d8699d34cba71efa8bebc30b) Importer(815301076,1909f56bfc062723c751e8b465ee728b)
Start importing Assets/Scripts/ObjectManipulator.cs using Guid(59d9f758d8699d34cba71efa8bebc30b) Importer(815301076,1909f56bfc062723c751e8b465ee728b)  -> (artifact id: '32e7ebd7d249405b63c974a048b29af6') in 0.003993 seconds 
========================================================================
Received Prepare
Registering precompiled user dll's ...
Registered in 0.003719 seconds.
Begin MonoManager ReloadAssembly
Symbol file LoadedFromMemory doesn't match image C:\Users\Usuario\Desktop\zoren_UnityProyects\proyecto-vuforia\ARFundation-libro\Library\PackageCache\com.unity.visualscripting@1.8.0\Editor\VisualScripting.Core\Dependencies\YamlDotNet\Unity.VisualScripting.YamlDotNet.dll
Symbol file LoadedFromMemory doesn't match image C:\Users\Usuario\Desktop\zoren_UnityProyects\proyecto-vuforia\ARFundation-libro\Library\PackageCache\com.unity.visualscripting@1.8.0\Editor\VisualScripting.Core\Dependencies\DotNetZip\Unity.VisualScripting.IonicZip.dll
Native extension for WindowsStandalone target not found
Native extension for Android target not found
Refreshing native plugins compatible for Editor in 0.57 ms, found 3 plugins.
Preloading 0 native plugins for Editor in 0.00 ms.
Mono: successfully reloaded assembly
- Completed reload, in  0.979 seconds
Domain Reload Profiling:
	ReloadAssembly (980ms)
		BeginReloadAssembly (133ms)
			ExecutionOrderSort (0ms)
			DisableScriptedObjects (5ms)
			BackupInstance (0ms)
			ReleaseScriptingObjects (0ms)
			CreateAndSetChildDomain (32ms)
		EndReloadAssembly (748ms)
			LoadAssemblies (92ms)
			RebuildTransferFunctionScriptingTraits (0ms)
			SetupTypeCache (296ms)
			ReleaseScriptCaches (1ms)
			RebuildScriptCaches (40ms)
			SetupLoadedEditorAssemblies (285ms)
				LogAssemblyErrors (0ms)
				InitializePlatformSupportModulesInManaged (16ms)
				SetLoadedEditorAssemblies (0ms)
				RefreshPlugins (1ms)
				BeforeProcessingInitializeOnLoad (67ms)
				ProcessInitializeOnLoadAttributes (178ms)
				ProcessInitializeOnLoadMethodAttributes (17ms)
				AfterProcessingInitializeOnLoad (5ms)
				EditorAssembliesLoaded (0ms)
			ExecutionOrderSort2 (0ms)
			AwakeInstancesAfterBackupRestoration (5ms)
Platform modules already initialized, skipping
Refreshing native plugins compatible for Editor in 2.13 ms, found 3 plugins.
Preloading 0 native plugins for Editor in 0.00 ms.
Unloading 3402 Unused Serialized files (Serialized files now loaded: 0)
Unloading 19 unused Assets / (97.5 KB). Loaded Objects now: 3878.
Memory consumption went from 119.2 MB to 119.1 MB.
Total: 2.959800 ms (FindLiveObjects: 0.272400 ms CreateObjectMapping: 0.171500 ms MarkObjects: 2.402000 ms  DeleteObjects: 0.113000 ms)

AssetImportParameters requested are different than current active one (requested -> active):
  custom:video-decoder-ogg-theora: a1e56fd34408186e4bbccfd4996cb3dc -> 
  custom:container-muxer-webm: aa71ff27fc2769a1b78a27578f13a17b -> 
  custom:container-demuxer-webm: 4f35f7cbe854078d1ac9338744f61a02 -> 
  custom:video-encoder-webm-vp8: eb34c28f22e8b96e1ab97ce403110664 -> 
  custom:video-codec-MediaFoundation-h265: 746d11721c4dcdbdad8f713fa42b33f4 -> 
  custom:audio-encoder-webm-vorbis: bf7c407c2cedff20999df2af8eb42d56 -> 
  custom:framework-win-MediaFoundation: 216162199b28c13a410421893ffa2e32 -> 
  custom:container-demuxer-ogg: 62fdf1f143b41e24485cea50d1cbac27 -> 
  custom:video-decoder-webm-vp8: 9c59270c3fd7afecdb556c50c9e8de78 -> 
  custom:audio-decoder-ogg-vorbis: bf7c407c2cedff20999df2af8eb42d56 -> 
